 % Coverage report from v8
-------------------|---------|----------|---------|---------|-------------------
File               | % Stmts | % Branch | % Funcs | % Lines | Uncovered Line #s 
-------------------|---------|----------|---------|---------|-------------------
All files          |   93.24 |    85.29 |   97.64 |   94.57 |                   
 cli/src           |   93.33 |     84.9 |     100 |   93.67 |                   
  command.ts       |   82.25 |    78.66 |     100 |   80.76 | 117-122,179-187   
  cost.ts          |     100 |    81.25 |     100 |     100 | 58-73,75          
  scan.ts          |   97.93 |    92.64 |     100 |   98.86 | 123               
 core/src          |   93.19 |    85.45 |   97.05 |   94.87 |                   
  config.ts        |   86.74 |    78.31 |     100 |    90.9 | ...96,137,162,166 
  health.ts        |   95.65 |    94.44 |     100 |   95.45 | 64                
  liveness.ts      |   96.77 |    88.33 |     100 |   98.18 | 229               
  ...ork-config.ts |   88.57 |       80 |     100 |   93.54 | 51,64             
  rent-quoter.ts   |     100 |    83.33 |     100 |     100 | 77                
  rent.ts          |   96.07 |    81.25 |     100 |   95.91 | 125,142           
  rpc.ts           |   72.22 |       50 |   88.88 |   70.58 | 45-49,88          
  scan-contract.ts |   95.42 |    92.79 |     100 |   97.12 | 46,170,295,343    
  scan.ts          |    90.9 |    57.89 |     100 |   93.75 | 50,63             
  ttl.ts           |   98.07 |      100 |    92.3 |   97.87 | 134               
-------------------|---------|----------|---------|---------|-------------------

=============================== Coverage summary ===============================
Statements   : 93.24% ( 676/725 )
Branches     : 85.29% ( 464/544 )
Functions    : 97.64% ( 83/85 )
Lines        : 94.57% ( 627/663 )
